IC 1001 - 2000 (4-4-20).htm
IC 1001 thru IC 2000.html
IC 1 - 1000 (4-4-20).htm
IC 1-5386 complete.html
IC 1 thru IC 1000.html
IC 2001 - 3000 (4-4-20).htm
IC 2001 thru IC 3000.html
IC 3001 - 4000 (4-4-20).htm
IC 3001 thru IC 4000.html
IC 4001 - 5000 (4-4-20).htm
IC 4001 thru IC 5000.html
IC 5001 - 5386 (4-4-20).htm
IC 5001 thru IC 5386.html
IC complete (4-4-20).htm
NGC 0001-1000.htm
NGC 0001-999.html
NGC 1000 - 1999 (11-30-17).htm
NGC 1000 - 1999 (4-4-20).htm
NGC 1000-1999.html
NGC 1001-2000.html
NGC 1-1000.html
NGC 1-7840 complete.htm
NGC 1 - 999 (11-30-17).htm
NGC 1 -999 (4-4-20).htm
NGC 2000 - 2999 (11-30-17).htm
NGC 2000 - 2999 (4-4-20).htm
NGC 2000-2999.html
NGC 2001-3000.html
NGC 3000 - 3999 (11-30-17).htm
NGC 3000 - 3999 (4-4-20).htm
NGC 3000-3999.html
NGC 3001-4000.html
NGC 4000 - 4999 (11-30-17).htm
NGC 4000 - 4999 (4-4-20).htm
NGC 4000-4999.html
NGC 4001-5000.html
NGC 5000 - 5999 (11-30-17).htm
NGC 5000 - 5999 (4-4-20).htm
NGC 5000-5999.html
NGC 5001-6000.html
NGC 6000 - 6999 (11-30-17).htm
NGC 6000 - 6999 (4-4-20).htm
NGC 6000-6999.html
NGC 6001-7000.html
NGC 7000 - 7840 (11-30-17).htm
NGC 7000 - 7840 (4-4-20).htm
NGC 7000-7840.html
NGC 7001-7840.html
NGC complete (4-4-20).htm
NGC complete.htm
NGC complete.html
UGC (4-4-20).htm
